<?xml version="1.0" encoding="UTF-8"?>
<testsuite xmlns:xsi="http://www.w3.org/2001/XMLSchema-instance" xsi:noNamespaceSchemaLocation="https://maven.apache.org/surefire/maven-surefire-plugin/xsd/surefire-test-report.xsd" name="TestMain" time="38.646" tests="9" errors="0" skipped="0" failures="0">
  <properties>
    <property name="sun.desktop" value="windows"/>
    <property name="awt.toolkit" value="sun.awt.windows.WToolkit"/>
    <property name="file.encoding.pkg" value="sun.io"/>
    <property name="java.specification.version" value="1.8"/>
    <property name="sun.cpu.isalist" value="amd64"/>
    <property name="sun.jnu.encoding" value="Cp1252"/>
    <property name="java.class.path" value="C:\Users\JayDK\IdeaProjects\Selenide_Cucumber\target\test-classes;C:\Users\JayDK\IdeaProjects\Selenide_Cucumber\target\classes;C:\Users\JayDK\.m2\repository\io\cucumber\cucumber-java\5.7.0\cucumber-java-5.7.0.jar;C:\Users\JayDK\.m2\repository\org\apiguardian\apiguardian-api\1.1.0\apiguardian-api-1.1.0.jar;C:\Users\JayDK\.m2\repository\io\cucumber\cucumber-junit\5.7.0\cucumber-junit-5.7.0.jar;C:\Users\JayDK\.m2\repository\junit\junit\4.13\junit-4.13.jar;C:\Users\JayDK\.m2\repository\org\hamcrest\hamcrest-core\1.3\hamcrest-core-1.3.jar;C:\Users\JayDK\.m2\repository\io\cucumber\cucumber-core\5.7.0\cucumber-core-5.7.0.jar;C:\Users\JayDK\.m2\repository\io\cucumber\cucumber-gherkin\5.7.0\cucumber-gherkin-5.7.0.jar;C:\Users\JayDK\.m2\repository\io\cucumber\cucumber-gherkin-vintage\5.7.0\cucumber-gherkin-vintage-5.7.0.jar;C:\Users\JayDK\.m2\repository\io\cucumber\tag-expressions\2.0.4\tag-expressions-2.0.4.jar;C:\Users\JayDK\.m2\repository\io\cucumber\cucumber-expressions\8.3.1\cucumber-expressions-8.3.1.jar;C:\Users\JayDK\.m2\repository\io\cucumber\datatable\3.3.1\datatable-3.3.1.jar;C:\Users\JayDK\.m2\repository\io\cucumber\cucumber-plugin\5.7.0\cucumber-plugin-5.7.0.jar;C:\Users\JayDK\.m2\repository\io\cucumber\docstring\5.7.0\docstring-5.7.0.jar;C:\Users\JayDK\.m2\repository\net\masterthought\cucumber-reporting\5.6.0\cucumber-reporting-5.6.0.jar;C:\Users\JayDK\.m2\repository\com\fasterxml\jackson\core\jackson-databind\2.12.1\jackson-databind-2.12.1.jar;C:\Users\JayDK\.m2\repository\com\fasterxml\jackson\core\jackson-annotations\2.12.1\jackson-annotations-2.12.1.jar;C:\Users\JayDK\.m2\repository\com\fasterxml\jackson\core\jackson-core\2.12.1\jackson-core-2.12.1.jar;C:\Users\JayDK\.m2\repository\com\fasterxml\jackson\datatype\jackson-datatype-jsr310\2.12.1\jackson-datatype-jsr310-2.12.1.jar;C:\Users\JayDK\.m2\repository\org\apache\velocity\velocity-engine-core\2.3\velocity-engine-core-2.3.jar;C:\Users\JayDK\.m2\repository\commons-collections\commons-collections\3.2.2\commons-collections-3.2.2.jar;C:\Users\JayDK\.m2\repository\joda-time\joda-time\2.10.10\joda-time-2.10.10.jar;C:\Users\JayDK\.m2\repository\org\apache\commons\commons-lang3\3.12.0\commons-lang3-3.12.0.jar;C:\Users\JayDK\.m2\repository\commons-io\commons-io\2.7\commons-io-2.7.jar;C:\Users\JayDK\.m2\repository\org\codehaus\plexus\plexus-utils\3.3.0\plexus-utils-3.3.0.jar;C:\Users\JayDK\.m2\repository\org\jsoup\jsoup\1.14.2\jsoup-1.14.2.jar;C:\Users\JayDK\.m2\repository\com\google\guava\guava\30.1.1-jre\guava-30.1.1-jre.jar;C:\Users\JayDK\.m2\repository\com\google\guava\failureaccess\1.0.1\failureaccess-1.0.1.jar;C:\Users\JayDK\.m2\repository\com\google\guava\listenablefuture\9999.0-empty-to-avoid-conflict-with-guava\listenablefuture-9999.0-empty-to-avoid-conflict-with-guava.jar;C:\Users\JayDK\.m2\repository\com\google\code\findbugs\jsr305\3.0.2\jsr305-3.0.2.jar;C:\Users\JayDK\.m2\repository\org\checkerframework\checker-qual\3.8.0\checker-qual-3.8.0.jar;C:\Users\JayDK\.m2\repository\com\google\errorprone\error_prone_annotations\2.5.1\error_prone_annotations-2.5.1.jar;C:\Users\JayDK\.m2\repository\com\google\j2objc\j2objc-annotations\1.3\j2objc-annotations-1.3.jar;C:\Users\JayDK\.m2\repository\com\googlecode\owasp-java-html-sanitizer\owasp-java-html-sanitizer\20200713.1\owasp-java-html-sanitizer-20200713.1.jar;C:\Users\JayDK\.m2\repository\commons-configuration\commons-configuration\1.10\commons-configuration-1.10.jar;C:\Users\JayDK\.m2\repository\commons-lang\commons-lang\2.6\commons-lang-2.6.jar;C:\Users\JayDK\.m2\repository\commons-logging\commons-logging\1.1.1\commons-logging-1.1.1.jar;C:\Users\JayDK\.m2\repository\io\qameta\allure\allure-cucumber5-jvm\2.16.1\allure-cucumber5-jvm-2.16.1.jar;C:\Users\JayDK\.m2\repository\io\qameta\allure\allure-java-commons\2.16.1\allure-java-commons-2.16.1.jar;C:\Users\JayDK\.m2\repository\io\qameta\allure\allure-model\2.16.1\allure-model-2.16.1.jar;C:\Users\JayDK\.m2\repository\io\cucumber\gherkin\5.1.0\gherkin-5.1.0.jar;C:\Users\JayDK\.m2\repository\io\cucumber\gherkin-jvm-deps\1.0.4\gherkin-jvm-deps-1.0.4.jar;C:\Users\JayDK\.m2\repository\com\codeborne\selenide\6.1.1\selenide-6.1.1.jar;C:\Users\JayDK\.m2\repository\org\seleniumhq\selenium\selenium-java\4.1.0\selenium-java-4.1.0.jar;C:\Users\JayDK\.m2\repository\org\seleniumhq\selenium\selenium-api\4.1.0\selenium-api-4.1.0.jar;C:\Users\JayDK\.m2\repository\org\seleniumhq\selenium\selenium-chrome-driver\4.1.0\selenium-chrome-driver-4.1.0.jar;C:\Users\JayDK\.m2\repository\com\google\auto\service\auto-service-annotations\1.0.1\auto-service-annotations-1.0.1.jar;C:\Users\JayDK\.m2\repository\com\google\auto\service\auto-service\1.0.1\auto-service-1.0.1.jar;C:\Users\JayDK\.m2\repository\com\google\auto\auto-common\1.2\auto-common-1.2.jar;C:\Users\JayDK\.m2\repository\org\seleniumhq\selenium\selenium-chromium-driver\4.1.0\selenium-chromium-driver-4.1.0.jar;C:\Users\JayDK\.m2\repository\org\seleniumhq\selenium\selenium-json\4.1.0\selenium-json-4.1.0.jar;C:\Users\JayDK\.m2\repository\org\seleniumhq\selenium\selenium-devtools-v85\4.1.0\selenium-devtools-v85-4.1.0.jar;C:\Users\JayDK\.m2\repository\org\seleniumhq\selenium\selenium-devtools-v94\4.1.0\selenium-devtools-v94-4.1.0.jar;C:\Users\JayDK\.m2\repository\org\seleniumhq\selenium\selenium-devtools-v95\4.1.0\selenium-devtools-v95-4.1.0.jar;C:\Users\JayDK\.m2\repository\org\seleniumhq\selenium\selenium-devtools-v96\4.1.0\selenium-devtools-v96-4.1.0.jar;C:\Users\JayDK\.m2\repository\org\seleniumhq\selenium\selenium-edge-driver\4.1.0\selenium-edge-driver-4.1.0.jar;C:\Users\JayDK\.m2\repository\org\seleniumhq\selenium\selenium-firefox-driver\4.1.0\selenium-firefox-driver-4.1.0.jar;C:\Users\JayDK\.m2\repository\org\seleniumhq\selenium\selenium-firefox-xpi-driver\4.1.0\selenium-firefox-xpi-driver-4.1.0.jar;C:\Users\JayDK\.m2\repository\org\seleniumhq\selenium\selenium-ie-driver\4.1.0\selenium-ie-driver-4.1.0.jar;C:\Users\JayDK\.m2\repository\org\seleniumhq\selenium\selenium-opera-driver\4.1.0\selenium-opera-driver-4.1.0.jar;C:\Users\JayDK\.m2\repository\org\seleniumhq\selenium\selenium-remote-driver\4.1.0\selenium-remote-driver-4.1.0.jar;C:\Users\JayDK\.m2\repository\com\beust\jcommander\1.81\jcommander-1.81.jar;C:\Users\JayDK\.m2\repository\io\netty\netty-transport-native-epoll\4.1.69.Final\netty-transport-native-epoll-4.1.69.Final.jar;C:\Users\JayDK\.m2\repository\io\netty\netty-transport-native-kqueue\4.1.69.Final\netty-transport-native-kqueue-4.1.69.Final.jar;C:\Users\JayDK\.m2\repository\io\opentelemetry\opentelemetry-api\1.9.0\opentelemetry-api-1.9.0.jar;C:\Users\JayDK\.m2\repository\io\opentelemetry\opentelemetry-context\1.9.0\opentelemetry-context-1.9.0.jar;C:\Users\JayDK\.m2\repository\io\opentelemetry\opentelemetry-exporter-logging\1.9.0\opentelemetry-exporter-logging-1.9.0.jar;C:\Users\JayDK\.m2\repository\io\opentelemetry\opentelemetry-sdk-metrics\1.9.0-alpha\opentelemetry-sdk-metrics-1.9.0-alpha.jar;C:\Users\JayDK\.m2\repository\io\opentelemetry\opentelemetry-sdk-logs\1.9.0-alpha\opentelemetry-sdk-logs-1.9.0-alpha.jar;C:\Users\JayDK\.m2\repository\io\opentelemetry\opentelemetry-sdk-common\1.9.0\opentelemetry-sdk-common-1.9.0.jar;C:\Users\JayDK\.m2\repository\io\opentelemetry\opentelemetry-sdk-extension-autoconfigure-spi\1.9.0\opentelemetry-sdk-extension-autoconfigure-spi-1.9.0.jar;C:\Users\JayDK\.m2\repository\io\opentelemetry\opentelemetry-sdk-extension-autoconfigure\1.9.0-alpha\opentelemetry-sdk-extension-autoconfigure-1.9.0-alpha.jar;C:\Users\JayDK\.m2\repository\io\opentelemetry\opentelemetry-sdk-trace\1.9.0\opentelemetry-sdk-trace-1.9.0.jar;C:\Users\JayDK\.m2\repository\io\opentelemetry\opentelemetry-api-metrics\1.9.0-alpha\opentelemetry-api-metrics-1.9.0-alpha.jar;C:\Users\JayDK\.m2\repository\io\opentelemetry\opentelemetry-sdk\1.9.0\opentelemetry-sdk-1.9.0.jar;C:\Users\JayDK\.m2\repository\io\opentelemetry\opentelemetry-semconv\1.9.0-alpha\opentelemetry-semconv-1.9.0-alpha.jar;C:\Users\JayDK\.m2\repository\io\ous\jtoml\2.0.0\jtoml-2.0.0.jar;C:\Users\JayDK\.m2\repository\org\asynchttpclient\async-http-client\2.12.3\async-http-client-2.12.3.jar;C:\Users\JayDK\.m2\repository\org\asynchttpclient\async-http-client-netty-utils\2.12.3\async-http-client-netty-utils-2.12.3.jar;C:\Users\JayDK\.m2\repository\org\reactivestreams\reactive-streams\1.0.3\reactive-streams-1.0.3.jar;C:\Users\JayDK\.m2\repository\com\typesafe\netty\netty-reactive-streams\2.0.4\netty-reactive-streams-2.0.4.jar;C:\Users\JayDK\.m2\repository\com\sun\activation\jakarta.activation\1.2.2\jakarta.activation-1.2.2.jar;C:\Users\JayDK\.m2\repository\org\seleniumhq\selenium\selenium-http\4.1.0\selenium-http-4.1.0.jar;C:\Users\JayDK\.m2\repository\net\jodah\failsafe\2.4.4\failsafe-2.4.4.jar;C:\Users\JayDK\.m2\repository\org\seleniumhq\selenium\selenium-safari-driver\4.1.0\selenium-safari-driver-4.1.0.jar;C:\Users\JayDK\.m2\repository\org\seleniumhq\selenium\selenium-support\4.1.0\selenium-support-4.1.0.jar;C:\Users\JayDK\.m2\repository\com\codeborne\selenide-core\6.1.1\selenide-core-6.1.1.jar;C:\Users\JayDK\.m2\repository\org\opentest4j\opentest4j\1.2.0\opentest4j-1.2.0.jar;C:\Users\JayDK\.m2\repository\io\github\bonigarcia\webdrivermanager\5.0.3\webdrivermanager-5.0.3.jar;C:\Users\JayDK\.m2\repository\com\google\code\gson\gson\2.8.8\gson-2.8.8.jar;C:\Users\JayDK\.m2\repository\org\brotli\dec\0.1.2\dec-0.1.2.jar;C:\Users\JayDK\.m2\repository\org\apache\commons\commons-compress\1.21\commons-compress-1.21.jar;C:\Users\JayDK\.m2\repository\org\apache\httpcomponents\client5\httpclient5\5.1.2\httpclient5-5.1.2.jar;C:\Users\JayDK\.m2\repository\org\apache\httpcomponents\core5\httpcore5\5.1.2\httpcore5-5.1.2.jar;C:\Users\JayDK\.m2\repository\commons-codec\commons-codec\1.15\commons-codec-1.15.jar;C:\Users\JayDK\.m2\repository\org\slf4j\slf4j-api\1.7.32\slf4j-api-1.7.32.jar;C:\Users\JayDK\.m2\repository\org\assertj\assertj-core\3.21.0\assertj-core-3.21.0.jar;C:\Users\JayDK\.m2\repository\com\sikulix\sikulixapi\2.0.5\sikulixapi-2.0.5.jar;C:\Users\JayDK\.m2\repository\org\python\jython-slim\2.7.2\jython-slim-2.7.2.jar;C:\Users\JayDK\.m2\repository\org\antlr\antlr\3.5.2\antlr-3.5.2.jar;C:\Users\JayDK\.m2\repository\org\antlr\ST4\4.0.8\ST4-4.0.8.jar;C:\Users\JayDK\.m2\repository\javax\servlet\javax.servlet-api\3.1.0\javax.servlet-api-3.1.0.jar;C:\Users\JayDK\.m2\repository\org\antlr\antlr-runtime\3.5.2\antlr-runtime-3.5.2.jar;C:\Users\JayDK\.m2\repository\org\bouncycastle\bcpkix-jdk15on\1.62\bcpkix-jdk15on-1.62.jar;C:\Users\JayDK\.m2\repository\org\bouncycastle\bcprov-jdk15on\1.62\bcprov-jdk15on-1.62.jar;C:\Users\JayDK\.m2\repository\org\ow2\asm\asm\7.1\asm-7.1.jar;C:\Users\JayDK\.m2\repository\org\ow2\asm\asm-commons\7.1\asm-commons-7.1.jar;C:\Users\JayDK\.m2\repository\org\ow2\asm\asm-tree\7.1\asm-tree-7.1.jar;C:\Users\JayDK\.m2\repository\org\ow2\asm\asm-analysis\7.1\asm-analysis-7.1.jar;C:\Users\JayDK\.m2\repository\org\ow2\asm\asm-util\7.1\asm-util-7.1.jar;C:\Users\JayDK\.m2\repository\com\ibm\icu\icu4j\59.1\icu4j-59.1.jar;C:\Users\JayDK\.m2\repository\com\carrotsearch\java-sizeof\0.0.5\java-sizeof-0.0.5.jar;C:\Users\JayDK\.m2\repository\com\github\jnr\jffi\1.2.20\jffi-1.2.20.jar;C:\Users\JayDK\.m2\repository\com\github\jnr\jnr-netdb\1.1.6\jnr-netdb-1.1.6.jar;C:\Users\JayDK\.m2\repository\com\github\jnr\jnr-ffi\2.1.10\jnr-ffi-2.1.10.jar;C:\Users\JayDK\.m2\repository\com\github\jnr\jffi\1.2.19\jffi-1.2.19-native.jar;C:\Users\JayDK\.m2\repository\com\github\jnr\jnr-a64asm\1.0.0\jnr-a64asm-1.0.0.jar;C:\Users\JayDK\.m2\repository\com\github\jnr\jnr-x86asm\1.0.2\jnr-x86asm-1.0.2.jar;C:\Users\JayDK\.m2\repository\com\github\jnr\jnr-posix\3.0.50\jnr-posix-3.0.50.jar;C:\Users\JayDK\.m2\repository\com\github\jnr\jnr-constants\0.9.12\jnr-constants-0.9.12.jar;C:\Users\JayDK\.m2\repository\jline\jline\2.14.5\jline-2.14.5.jar;C:\Users\JayDK\.m2\repository\org\apache\ant\ant\1.9.7\ant-1.9.7.jar;C:\Users\JayDK\.m2\repository\org\apache\ant\ant-launcher\1.9.7\ant-launcher-1.9.7.jar;C:\Users\JayDK\.m2\repository\com\sikulix\sikulix2tigervnc\1.1.4\sikulix2tigervnc-1.1.4.jar;C:\Users\JayDK\.m2\repository\org\openpnp\opencv\4.3.0-3\opencv-4.3.0-3.jar;C:\Users\JayDK\.m2\repository\commons-cli\commons-cli\1.4\commons-cli-1.4.jar;C:\Users\JayDK\.m2\repository\org\apache\commons\commons-exec\1.3\commons-exec-1.3.jar;C:\Users\JayDK\.m2\repository\net\java\dev\jna\jna-platform\5.6.0\jna-platform-5.6.0.jar;C:\Users\JayDK\.m2\repository\net\java\dev\jna\jna\5.6.0\jna-5.6.0.jar;C:\Users\JayDK\.m2\repository\net\oneandone\reflections8\reflections8\0.11.6\reflections8-0.11.6.jar;C:\Users\JayDK\.m2\repository\org\javassist\javassist\3.22.0-GA\javassist-3.22.0-GA.jar;C:\Users\JayDK\.m2\repository\net\sourceforge\tess4j\tess4j\4.5.4\tess4j-4.5.4.jar;C:\Users\JayDK\.m2\repository\com\github\jai-imageio\jai-imageio-core\1.4.0\jai-imageio-core-1.4.0.jar;C:\Users\JayDK\.m2\repository\org\ghost4j\ghost4j\1.0.1\ghost4j-1.0.1.jar;C:\Users\JayDK\.m2\repository\log4j\log4j\1.2.17\log4j-1.2.17.jar;C:\Users\JayDK\.m2\repository\commons-beanutils\commons-beanutils\1.9.2\commons-beanutils-1.9.2.jar;C:\Users\JayDK\.m2\repository\org\apache\xmlgraphics\xmlgraphics-commons\1.4\xmlgraphics-commons-1.4.jar;C:\Users\JayDK\.m2\repository\com\lowagie\itext\2.1.7\itext-2.1.7.jar;C:\Users\JayDK\.m2\repository\org\apache\pdfbox\pdfbox\2.0.21\pdfbox-2.0.21.jar;C:\Users\JayDK\.m2\repository\org\apache\pdfbox\fontbox\2.0.21\fontbox-2.0.21.jar;C:\Users\JayDK\.m2\repository\org\apache\pdfbox\pdfbox-tools\2.0.21\pdfbox-tools-2.0.21.jar;C:\Users\JayDK\.m2\repository\org\apache\pdfbox\pdfbox-debugger\2.0.21\pdfbox-debugger-2.0.21.jar;C:\Users\JayDK\.m2\repository\org\apache\pdfbox\jbig2-imageio\3.0.3\jbig2-imageio-3.0.3.jar;C:\Users\JayDK\.m2\repository\net\sourceforge\lept4j\lept4j\1.13.2\lept4j-1.13.2.jar;C:\Users\JayDK\.m2\repository\org\jboss\jboss-vfs\3.2.15.Final\jboss-vfs-3.2.15.Final.jar;C:\Users\JayDK\.m2\repository\org\jboss\logging\jboss-logging\3.1.4.GA\jboss-logging-3.1.4.GA.jar;C:\Users\JayDK\.m2\repository\net\sf\py4j\py4j\0.10.9.1\py4j-0.10.9.1.jar;C:\Users\JayDK\.m2\repository\org\slf4j\slf4j-nop\1.7.32\slf4j-nop-1.7.32.jar;C:\Users\JayDK\.m2\repository\org\apache\logging\log4j\log4j-core\2.17.0\log4j-core-2.17.0.jar;C:\Users\JayDK\.m2\repository\org\apache\logging\log4j\log4j-api\2.17.0\log4j-api-2.17.0.jar;C:\Users\JayDK\.m2\repository\io\netty\netty-all\4.1.72.Final\netty-all-4.1.72.Final.jar;C:\Users\JayDK\.m2\repository\io\netty\netty-buffer\4.1.72.Final\netty-buffer-4.1.72.Final.jar;C:\Users\JayDK\.m2\repository\io\netty\netty-codec\4.1.72.Final\netty-codec-4.1.72.Final.jar;C:\Users\JayDK\.m2\repository\io\netty\netty-codec-dns\4.1.72.Final\netty-codec-dns-4.1.72.Final.jar;C:\Users\JayDK\.m2\repository\io\netty\netty-codec-haproxy\4.1.72.Final\netty-codec-haproxy-4.1.72.Final.jar;C:\Users\JayDK\.m2\repository\io\netty\netty-codec-http\4.1.72.Final\netty-codec-http-4.1.72.Final.jar;C:\Users\JayDK\.m2\repository\io\netty\netty-codec-http2\4.1.72.Final\netty-codec-http2-4.1.72.Final.jar;C:\Users\JayDK\.m2\repository\io\netty\netty-codec-memcache\4.1.72.Final\netty-codec-memcache-4.1.72.Final.jar;C:\Users\JayDK\.m2\repository\io\netty\netty-codec-mqtt\4.1.72.Final\netty-codec-mqtt-4.1.72.Final.jar;C:\Users\JayDK\.m2\repository\io\netty\netty-codec-redis\4.1.72.Final\netty-codec-redis-4.1.72.Final.jar;C:\Users\JayDK\.m2\repository\io\netty\netty-codec-smtp\4.1.72.Final\netty-codec-smtp-4.1.72.Final.jar;C:\Users\JayDK\.m2\repository\io\netty\netty-codec-socks\4.1.72.Final\netty-codec-socks-4.1.72.Final.jar;C:\Users\JayDK\.m2\repository\io\netty\netty-codec-stomp\4.1.72.Final\netty-codec-stomp-4.1.72.Final.jar;C:\Users\JayDK\.m2\repository\io\netty\netty-codec-xml\4.1.72.Final\netty-codec-xml-4.1.72.Final.jar;C:\Users\JayDK\.m2\repository\io\netty\netty-common\4.1.72.Final\netty-common-4.1.72.Final.jar;C:\Users\JayDK\.m2\repository\io\netty\netty-handler\4.1.72.Final\netty-handler-4.1.72.Final.jar;C:\Users\JayDK\.m2\repository\io\netty\netty-tcnative-classes\2.0.46.Final\netty-tcnative-classes-2.0.46.Final.jar;C:\Users\JayDK\.m2\repository\io\netty\netty-handler-proxy\4.1.72.Final\netty-handler-proxy-4.1.72.Final.jar;C:\Users\JayDK\.m2\repository\io\netty\netty-resolver\4.1.72.Final\netty-resolver-4.1.72.Final.jar;C:\Users\JayDK\.m2\repository\io\netty\netty-resolver-dns\4.1.72.Final\netty-resolver-dns-4.1.72.Final.jar;C:\Users\JayDK\.m2\repository\io\netty\netty-transport\4.1.72.Final\netty-transport-4.1.72.Final.jar;C:\Users\JayDK\.m2\repository\io\netty\netty-transport-rxtx\4.1.72.Final\netty-transport-rxtx-4.1.72.Final.jar;C:\Users\JayDK\.m2\repository\io\netty\netty-transport-sctp\4.1.72.Final\netty-transport-sctp-4.1.72.Final.jar;C:\Users\JayDK\.m2\repository\io\netty\netty-transport-udt\4.1.72.Final\netty-transport-udt-4.1.72.Final.jar;C:\Users\JayDK\.m2\repository\io\netty\netty-transport-classes-epoll\4.1.72.Final\netty-transport-classes-epoll-4.1.72.Final.jar;C:\Users\JayDK\.m2\repository\io\netty\netty-transport-native-unix-common\4.1.72.Final\netty-transport-native-unix-common-4.1.72.Final.jar;C:\Users\JayDK\.m2\repository\io\netty\netty-transport-classes-kqueue\4.1.72.Final\netty-transport-classes-kqueue-4.1.72.Final.jar;C:\Users\JayDK\.m2\repository\io\netty\netty-resolver-dns-classes-macos\4.1.72.Final\netty-resolver-dns-classes-macos-4.1.72.Final.jar;C:\Users\JayDK\.m2\repository\io\netty\netty-transport-native-epoll\4.1.72.Final\netty-transport-native-epoll-4.1.72.Final-linux-x86_64.jar;C:\Users\JayDK\.m2\repository\io\netty\netty-transport-native-epoll\4.1.72.Final\netty-transport-native-epoll-4.1.72.Final-linux-aarch_64.jar;C:\Users\JayDK\.m2\repository\io\netty\netty-transport-native-kqueue\4.1.72.Final\netty-transport-native-kqueue-4.1.72.Final-osx-x86_64.jar;C:\Users\JayDK\.m2\repository\io\netty\netty-transport-native-kqueue\4.1.72.Final\netty-transport-native-kqueue-4.1.72.Final-osx-aarch_64.jar;C:\Users\JayDK\.m2\repository\io\netty\netty-resolver-dns-native-macos\4.1.72.Final\netty-resolver-dns-native-macos-4.1.72.Final-osx-x86_64.jar;C:\Users\JayDK\.m2\repository\io\netty\netty-resolver-dns-native-macos\4.1.72.Final\netty-resolver-dns-native-macos-4.1.72.Final-osx-aarch_64.jar;"/>
    <property name="java.vm.vendor" value="Oracle Corporation"/>
    <property name="sun.arch.data.model" value="64"/>
    <property name="user.variant" value=""/>
    <property name="java.vendor.url" value="http://java.oracle.com/"/>
    <property name="user.timezone" value="Europe/London"/>
    <property name="java.vm.specification.version" value="1.8"/>
    <property name="os.name" value="Windows 10"/>
    <property name="user.country" value="GB"/>
    <property name="sun.java.launcher" value="SUN_STANDARD"/>
    <property name="sun.boot.library.path" value="C:\Program Files\Java\jdk1.8.0_202\jre\bin"/>
    <property name="sun.java.command" value="C:\Users\JayDK\AppData\Local\Temp\surefire8309560256395249672\surefirebooter1494210798932274021.jar C:\Users\JayDK\AppData\Local\Temp\surefire8309560256395249672 2022-05-21T14-16-32_149-jvmRun1 surefire5529693537684698118tmp surefire_03963359209187643720tmp"/>
    <property name="surefire.test.class.path" value="C:\Users\JayDK\IdeaProjects\Selenide_Cucumber\target\test-classes;C:\Users\JayDK\IdeaProjects\Selenide_Cucumber\target\classes;C:\Users\JayDK\.m2\repository\io\cucumber\cucumber-java\5.7.0\cucumber-java-5.7.0.jar;C:\Users\JayDK\.m2\repository\org\apiguardian\apiguardian-api\1.1.0\apiguardian-api-1.1.0.jar;C:\Users\JayDK\.m2\repository\io\cucumber\cucumber-junit\5.7.0\cucumber-junit-5.7.0.jar;C:\Users\JayDK\.m2\repository\junit\junit\4.13\junit-4.13.jar;C:\Users\JayDK\.m2\repository\org\hamcrest\hamcrest-core\1.3\hamcrest-core-1.3.jar;C:\Users\JayDK\.m2\repository\io\cucumber\cucumber-core\5.7.0\cucumber-core-5.7.0.jar;C:\Users\JayDK\.m2\repository\io\cucumber\cucumber-gherkin\5.7.0\cucumber-gherkin-5.7.0.jar;C:\Users\JayDK\.m2\repository\io\cucumber\cucumber-gherkin-vintage\5.7.0\cucumber-gherkin-vintage-5.7.0.jar;C:\Users\JayDK\.m2\repository\io\cucumber\tag-expressions\2.0.4\tag-expressions-2.0.4.jar;C:\Users\JayDK\.m2\repository\io\cucumber\cucumber-expressions\8.3.1\cucumber-expressions-8.3.1.jar;C:\Users\JayDK\.m2\repository\io\cucumber\datatable\3.3.1\datatable-3.3.1.jar;C:\Users\JayDK\.m2\repository\io\cucumber\cucumber-plugin\5.7.0\cucumber-plugin-5.7.0.jar;C:\Users\JayDK\.m2\repository\io\cucumber\docstring\5.7.0\docstring-5.7.0.jar;C:\Users\JayDK\.m2\repository\net\masterthought\cucumber-reporting\5.6.0\cucumber-reporting-5.6.0.jar;C:\Users\JayDK\.m2\repository\com\fasterxml\jackson\core\jackson-databind\2.12.1\jackson-databind-2.12.1.jar;C:\Users\JayDK\.m2\repository\com\fasterxml\jackson\core\jackson-annotations\2.12.1\jackson-annotations-2.12.1.jar;C:\Users\JayDK\.m2\repository\com\fasterxml\jackson\core\jackson-core\2.12.1\jackson-core-2.12.1.jar;C:\Users\JayDK\.m2\repository\com\fasterxml\jackson\datatype\jackson-datatype-jsr310\2.12.1\jackson-datatype-jsr310-2.12.1.jar;C:\Users\JayDK\.m2\repository\org\apache\velocity\velocity-engine-core\2.3\velocity-engine-core-2.3.jar;C:\Users\JayDK\.m2\repository\commons-collections\commons-collections\3.2.2\commons-collections-3.2.2.jar;C:\Users\JayDK\.m2\repository\joda-time\joda-time\2.10.10\joda-time-2.10.10.jar;C:\Users\JayDK\.m2\repository\org\apache\commons\commons-lang3\3.12.0\commons-lang3-3.12.0.jar;C:\Users\JayDK\.m2\repository\commons-io\commons-io\2.7\commons-io-2.7.jar;C:\Users\JayDK\.m2\repository\org\codehaus\plexus\plexus-utils\3.3.0\plexus-utils-3.3.0.jar;C:\Users\JayDK\.m2\repository\org\jsoup\jsoup\1.14.2\jsoup-1.14.2.jar;C:\Users\JayDK\.m2\repository\com\google\guava\guava\30.1.1-jre\guava-30.1.1-jre.jar;C:\Users\JayDK\.m2\repository\com\google\guava\failureaccess\1.0.1\failureaccess-1.0.1.jar;C:\Users\JayDK\.m2\repository\com\google\guava\listenablefuture\9999.0-empty-to-avoid-conflict-with-guava\listenablefuture-9999.0-empty-to-avoid-conflict-with-guava.jar;C:\Users\JayDK\.m2\repository\com\google\code\findbugs\jsr305\3.0.2\jsr305-3.0.2.jar;C:\Users\JayDK\.m2\repository\org\checkerframework\checker-qual\3.8.0\checker-qual-3.8.0.jar;C:\Users\JayDK\.m2\repository\com\google\errorprone\error_prone_annotations\2.5.1\error_prone_annotations-2.5.1.jar;C:\Users\JayDK\.m2\repository\com\google\j2objc\j2objc-annotations\1.3\j2objc-annotations-1.3.jar;C:\Users\JayDK\.m2\repository\com\googlecode\owasp-java-html-sanitizer\owasp-java-html-sanitizer\20200713.1\owasp-java-html-sanitizer-20200713.1.jar;C:\Users\JayDK\.m2\repository\commons-configuration\commons-configuration\1.10\commons-configuration-1.10.jar;C:\Users\JayDK\.m2\repository\commons-lang\commons-lang\2.6\commons-lang-2.6.jar;C:\Users\JayDK\.m2\repository\commons-logging\commons-logging\1.1.1\commons-logging-1.1.1.jar;C:\Users\JayDK\.m2\repository\io\qameta\allure\allure-cucumber5-jvm\2.16.1\allure-cucumber5-jvm-2.16.1.jar;C:\Users\JayDK\.m2\repository\io\qameta\allure\allure-java-commons\2.16.1\allure-java-commons-2.16.1.jar;C:\Users\JayDK\.m2\repository\io\qameta\allure\allure-model\2.16.1\allure-model-2.16.1.jar;C:\Users\JayDK\.m2\repository\io\cucumber\gherkin\5.1.0\gherkin-5.1.0.jar;C:\Users\JayDK\.m2\repository\io\cucumber\gherkin-jvm-deps\1.0.4\gherkin-jvm-deps-1.0.4.jar;C:\Users\JayDK\.m2\repository\com\codeborne\selenide\6.1.1\selenide-6.1.1.jar;C:\Users\JayDK\.m2\repository\org\seleniumhq\selenium\selenium-java\4.1.0\selenium-java-4.1.0.jar;C:\Users\JayDK\.m2\repository\org\seleniumhq\selenium\selenium-api\4.1.0\selenium-api-4.1.0.jar;C:\Users\JayDK\.m2\repository\org\seleniumhq\selenium\selenium-chrome-driver\4.1.0\selenium-chrome-driver-4.1.0.jar;C:\Users\JayDK\.m2\repository\com\google\auto\service\auto-service-annotations\1.0.1\auto-service-annotations-1.0.1.jar;C:\Users\JayDK\.m2\repository\com\google\auto\service\auto-service\1.0.1\auto-service-1.0.1.jar;C:\Users\JayDK\.m2\repository\com\google\auto\auto-common\1.2\auto-common-1.2.jar;C:\Users\JayDK\.m2\repository\org\seleniumhq\selenium\selenium-chromium-driver\4.1.0\selenium-chromium-driver-4.1.0.jar;C:\Users\JayDK\.m2\repository\org\seleniumhq\selenium\selenium-json\4.1.0\selenium-json-4.1.0.jar;C:\Users\JayDK\.m2\repository\org\seleniumhq\selenium\selenium-devtools-v85\4.1.0\selenium-devtools-v85-4.1.0.jar;C:\Users\JayDK\.m2\repository\org\seleniumhq\selenium\selenium-devtools-v94\4.1.0\selenium-devtools-v94-4.1.0.jar;C:\Users\JayDK\.m2\repository\org\seleniumhq\selenium\selenium-devtools-v95\4.1.0\selenium-devtools-v95-4.1.0.jar;C:\Users\JayDK\.m2\repository\org\seleniumhq\selenium\selenium-devtools-v96\4.1.0\selenium-devtools-v96-4.1.0.jar;C:\Users\JayDK\.m2\repository\org\seleniumhq\selenium\selenium-edge-driver\4.1.0\selenium-edge-driver-4.1.0.jar;C:\Users\JayDK\.m2\repository\org\seleniumhq\selenium\selenium-firefox-driver\4.1.0\selenium-firefox-driver-4.1.0.jar;C:\Users\JayDK\.m2\repository\org\seleniumhq\selenium\selenium-firefox-xpi-driver\4.1.0\selenium-firefox-xpi-driver-4.1.0.jar;C:\Users\JayDK\.m2\repository\org\seleniumhq\selenium\selenium-ie-driver\4.1.0\selenium-ie-driver-4.1.0.jar;C:\Users\JayDK\.m2\repository\org\seleniumhq\selenium\selenium-opera-driver\4.1.0\selenium-opera-driver-4.1.0.jar;C:\Users\JayDK\.m2\repository\org\seleniumhq\selenium\selenium-remote-driver\4.1.0\selenium-remote-driver-4.1.0.jar;C:\Users\JayDK\.m2\repository\com\beust\jcommander\1.81\jcommander-1.81.jar;C:\Users\JayDK\.m2\repository\io\netty\netty-transport-native-epoll\4.1.69.Final\netty-transport-native-epoll-4.1.69.Final.jar;C:\Users\JayDK\.m2\repository\io\netty\netty-transport-native-kqueue\4.1.69.Final\netty-transport-native-kqueue-4.1.69.Final.jar;C:\Users\JayDK\.m2\repository\io\opentelemetry\opentelemetry-api\1.9.0\opentelemetry-api-1.9.0.jar;C:\Users\JayDK\.m2\repository\io\opentelemetry\opentelemetry-context\1.9.0\opentelemetry-context-1.9.0.jar;C:\Users\JayDK\.m2\repository\io\opentelemetry\opentelemetry-exporter-logging\1.9.0\opentelemetry-exporter-logging-1.9.0.jar;C:\Users\JayDK\.m2\repository\io\opentelemetry\opentelemetry-sdk-metrics\1.9.0-alpha\opentelemetry-sdk-metrics-1.9.0-alpha.jar;C:\Users\JayDK\.m2\repository\io\opentelemetry\opentelemetry-sdk-logs\1.9.0-alpha\opentelemetry-sdk-logs-1.9.0-alpha.jar;C:\Users\JayDK\.m2\repository\io\opentelemetry\opentelemetry-sdk-common\1.9.0\opentelemetry-sdk-common-1.9.0.jar;C:\Users\JayDK\.m2\repository\io\opentelemetry\opentelemetry-sdk-extension-autoconfigure-spi\1.9.0\opentelemetry-sdk-extension-autoconfigure-spi-1.9.0.jar;C:\Users\JayDK\.m2\repository\io\opentelemetry\opentelemetry-sdk-extension-autoconfigure\1.9.0-alpha\opentelemetry-sdk-extension-autoconfigure-1.9.0-alpha.jar;C:\Users\JayDK\.m2\repository\io\opentelemetry\opentelemetry-sdk-trace\1.9.0\opentelemetry-sdk-trace-1.9.0.jar;C:\Users\JayDK\.m2\repository\io\opentelemetry\opentelemetry-api-metrics\1.9.0-alpha\opentelemetry-api-metrics-1.9.0-alpha.jar;C:\Users\JayDK\.m2\repository\io\opentelemetry\opentelemetry-sdk\1.9.0\opentelemetry-sdk-1.9.0.jar;C:\Users\JayDK\.m2\repository\io\opentelemetry\opentelemetry-semconv\1.9.0-alpha\opentelemetry-semconv-1.9.0-alpha.jar;C:\Users\JayDK\.m2\repository\io\ous\jtoml\2.0.0\jtoml-2.0.0.jar;C:\Users\JayDK\.m2\repository\org\asynchttpclient\async-http-client\2.12.3\async-http-client-2.12.3.jar;C:\Users\JayDK\.m2\repository\org\asynchttpclient\async-http-client-netty-utils\2.12.3\async-http-client-netty-utils-2.12.3.jar;C:\Users\JayDK\.m2\repository\org\reactivestreams\reactive-streams\1.0.3\reactive-streams-1.0.3.jar;C:\Users\JayDK\.m2\repository\com\typesafe\netty\netty-reactive-streams\2.0.4\netty-reactive-streams-2.0.4.jar;C:\Users\JayDK\.m2\repository\com\sun\activation\jakarta.activation\1.2.2\jakarta.activation-1.2.2.jar;C:\Users\JayDK\.m2\repository\org\seleniumhq\selenium\selenium-http\4.1.0\selenium-http-4.1.0.jar;C:\Users\JayDK\.m2\repository\net\jodah\failsafe\2.4.4\failsafe-2.4.4.jar;C:\Users\JayDK\.m2\repository\org\seleniumhq\selenium\selenium-safari-driver\4.1.0\selenium-safari-driver-4.1.0.jar;C:\Users\JayDK\.m2\repository\org\seleniumhq\selenium\selenium-support\4.1.0\selenium-support-4.1.0.jar;C:\Users\JayDK\.m2\repository\com\codeborne\selenide-core\6.1.1\selenide-core-6.1.1.jar;C:\Users\JayDK\.m2\repository\org\opentest4j\opentest4j\1.2.0\opentest4j-1.2.0.jar;C:\Users\JayDK\.m2\repository\io\github\bonigarcia\webdrivermanager\5.0.3\webdrivermanager-5.0.3.jar;C:\Users\JayDK\.m2\repository\com\google\code\gson\gson\2.8.8\gson-2.8.8.jar;C:\Users\JayDK\.m2\repository\org\brotli\dec\0.1.2\dec-0.1.2.jar;C:\Users\JayDK\.m2\repository\org\apache\commons\commons-compress\1.21\commons-compress-1.21.jar;C:\Users\JayDK\.m2\repository\org\apache\httpcomponents\client5\httpclient5\5.1.2\httpclient5-5.1.2.jar;C:\Users\JayDK\.m2\repository\org\apache\httpcomponents\core5\httpcore5\5.1.2\httpcore5-5.1.2.jar;C:\Users\JayDK\.m2\repository\commons-codec\commons-codec\1.15\commons-codec-1.15.jar;C:\Users\JayDK\.m2\repository\org\slf4j\slf4j-api\1.7.32\slf4j-api-1.7.32.jar;C:\Users\JayDK\.m2\repository\org\assertj\assertj-core\3.21.0\assertj-core-3.21.0.jar;C:\Users\JayDK\.m2\repository\com\sikulix\sikulixapi\2.0.5\sikulixapi-2.0.5.jar;C:\Users\JayDK\.m2\repository\org\python\jython-slim\2.7.2\jython-slim-2.7.2.jar;C:\Users\JayDK\.m2\repository\org\antlr\antlr\3.5.2\antlr-3.5.2.jar;C:\Users\JayDK\.m2\repository\org\antlr\ST4\4.0.8\ST4-4.0.8.jar;C:\Users\JayDK\.m2\repository\javax\servlet\javax.servlet-api\3.1.0\javax.servlet-api-3.1.0.jar;C:\Users\JayDK\.m2\repository\org\antlr\antlr-runtime\3.5.2\antlr-runtime-3.5.2.jar;C:\Users\JayDK\.m2\repository\org\bouncycastle\bcpkix-jdk15on\1.62\bcpkix-jdk15on-1.62.jar;C:\Users\JayDK\.m2\repository\org\bouncycastle\bcprov-jdk15on\1.62\bcprov-jdk15on-1.62.jar;C:\Users\JayDK\.m2\repository\org\ow2\asm\asm\7.1\asm-7.1.jar;C:\Users\JayDK\.m2\repository\org\ow2\asm\asm-commons\7.1\asm-commons-7.1.jar;C:\Users\JayDK\.m2\repository\org\ow2\asm\asm-tree\7.1\asm-tree-7.1.jar;C:\Users\JayDK\.m2\repository\org\ow2\asm\asm-analysis\7.1\asm-analysis-7.1.jar;C:\Users\JayDK\.m2\repository\org\ow2\asm\asm-util\7.1\asm-util-7.1.jar;C:\Users\JayDK\.m2\repository\com\ibm\icu\icu4j\59.1\icu4j-59.1.jar;C:\Users\JayDK\.m2\repository\com\carrotsearch\java-sizeof\0.0.5\java-sizeof-0.0.5.jar;C:\Users\JayDK\.m2\repository\com\github\jnr\jffi\1.2.20\jffi-1.2.20.jar;C:\Users\JayDK\.m2\repository\com\github\jnr\jnr-netdb\1.1.6\jnr-netdb-1.1.6.jar;C:\Users\JayDK\.m2\repository\com\github\jnr\jnr-ffi\2.1.10\jnr-ffi-2.1.10.jar;C:\Users\JayDK\.m2\repository\com\github\jnr\jffi\1.2.19\jffi-1.2.19-native.jar;C:\Users\JayDK\.m2\repository\com\github\jnr\jnr-a64asm\1.0.0\jnr-a64asm-1.0.0.jar;C:\Users\JayDK\.m2\repository\com\github\jnr\jnr-x86asm\1.0.2\jnr-x86asm-1.0.2.jar;C:\Users\JayDK\.m2\repository\com\github\jnr\jnr-posix\3.0.50\jnr-posix-3.0.50.jar;C:\Users\JayDK\.m2\repository\com\github\jnr\jnr-constants\0.9.12\jnr-constants-0.9.12.jar;C:\Users\JayDK\.m2\repository\jline\jline\2.14.5\jline-2.14.5.jar;C:\Users\JayDK\.m2\repository\org\apache\ant\ant\1.9.7\ant-1.9.7.jar;C:\Users\JayDK\.m2\repository\org\apache\ant\ant-launcher\1.9.7\ant-launcher-1.9.7.jar;C:\Users\JayDK\.m2\repository\com\sikulix\sikulix2tigervnc\1.1.4\sikulix2tigervnc-1.1.4.jar;C:\Users\JayDK\.m2\repository\org\openpnp\opencv\4.3.0-3\opencv-4.3.0-3.jar;C:\Users\JayDK\.m2\repository\commons-cli\commons-cli\1.4\commons-cli-1.4.jar;C:\Users\JayDK\.m2\repository\org\apache\commons\commons-exec\1.3\commons-exec-1.3.jar;C:\Users\JayDK\.m2\repository\net\java\dev\jna\jna-platform\5.6.0\jna-platform-5.6.0.jar;C:\Users\JayDK\.m2\repository\net\java\dev\jna\jna\5.6.0\jna-5.6.0.jar;C:\Users\JayDK\.m2\repository\net\oneandone\reflections8\reflections8\0.11.6\reflections8-0.11.6.jar;C:\Users\JayDK\.m2\repository\org\javassist\javassist\3.22.0-GA\javassist-3.22.0-GA.jar;C:\Users\JayDK\.m2\repository\net\sourceforge\tess4j\tess4j\4.5.4\tess4j-4.5.4.jar;C:\Users\JayDK\.m2\repository\com\github\jai-imageio\jai-imageio-core\1.4.0\jai-imageio-core-1.4.0.jar;C:\Users\JayDK\.m2\repository\org\ghost4j\ghost4j\1.0.1\ghost4j-1.0.1.jar;C:\Users\JayDK\.m2\repository\log4j\log4j\1.2.17\log4j-1.2.17.jar;C:\Users\JayDK\.m2\repository\commons-beanutils\commons-beanutils\1.9.2\commons-beanutils-1.9.2.jar;C:\Users\JayDK\.m2\repository\org\apache\xmlgraphics\xmlgraphics-commons\1.4\xmlgraphics-commons-1.4.jar;C:\Users\JayDK\.m2\repository\com\lowagie\itext\2.1.7\itext-2.1.7.jar;C:\Users\JayDK\.m2\repository\org\apache\pdfbox\pdfbox\2.0.21\pdfbox-2.0.21.jar;C:\Users\JayDK\.m2\repository\org\apache\pdfbox\fontbox\2.0.21\fontbox-2.0.21.jar;C:\Users\JayDK\.m2\repository\org\apache\pdfbox\pdfbox-tools\2.0.21\pdfbox-tools-2.0.21.jar;C:\Users\JayDK\.m2\repository\org\apache\pdfbox\pdfbox-debugger\2.0.21\pdfbox-debugger-2.0.21.jar;C:\Users\JayDK\.m2\repository\org\apache\pdfbox\jbig2-imageio\3.0.3\jbig2-imageio-3.0.3.jar;C:\Users\JayDK\.m2\repository\net\sourceforge\lept4j\lept4j\1.13.2\lept4j-1.13.2.jar;C:\Users\JayDK\.m2\repository\org\jboss\jboss-vfs\3.2.15.Final\jboss-vfs-3.2.15.Final.jar;C:\Users\JayDK\.m2\repository\org\jboss\logging\jboss-logging\3.1.4.GA\jboss-logging-3.1.4.GA.jar;C:\Users\JayDK\.m2\repository\net\sf\py4j\py4j\0.10.9.1\py4j-0.10.9.1.jar;C:\Users\JayDK\.m2\repository\org\slf4j\slf4j-nop\1.7.32\slf4j-nop-1.7.32.jar;C:\Users\JayDK\.m2\repository\org\apache\logging\log4j\log4j-core\2.17.0\log4j-core-2.17.0.jar;C:\Users\JayDK\.m2\repository\org\apache\logging\log4j\log4j-api\2.17.0\log4j-api-2.17.0.jar;C:\Users\JayDK\.m2\repository\io\netty\netty-all\4.1.72.Final\netty-all-4.1.72.Final.jar;C:\Users\JayDK\.m2\repository\io\netty\netty-buffer\4.1.72.Final\netty-buffer-4.1.72.Final.jar;C:\Users\JayDK\.m2\repository\io\netty\netty-codec\4.1.72.Final\netty-codec-4.1.72.Final.jar;C:\Users\JayDK\.m2\repository\io\netty\netty-codec-dns\4.1.72.Final\netty-codec-dns-4.1.72.Final.jar;C:\Users\JayDK\.m2\repository\io\netty\netty-codec-haproxy\4.1.72.Final\netty-codec-haproxy-4.1.72.Final.jar;C:\Users\JayDK\.m2\repository\io\netty\netty-codec-http\4.1.72.Final\netty-codec-http-4.1.72.Final.jar;C:\Users\JayDK\.m2\repository\io\netty\netty-codec-http2\4.1.72.Final\netty-codec-http2-4.1.72.Final.jar;C:\Users\JayDK\.m2\repository\io\netty\netty-codec-memcache\4.1.72.Final\netty-codec-memcache-4.1.72.Final.jar;C:\Users\JayDK\.m2\repository\io\netty\netty-codec-mqtt\4.1.72.Final\netty-codec-mqtt-4.1.72.Final.jar;C:\Users\JayDK\.m2\repository\io\netty\netty-codec-redis\4.1.72.Final\netty-codec-redis-4.1.72.Final.jar;C:\Users\JayDK\.m2\repository\io\netty\netty-codec-smtp\4.1.72.Final\netty-codec-smtp-4.1.72.Final.jar;C:\Users\JayDK\.m2\repository\io\netty\netty-codec-socks\4.1.72.Final\netty-codec-socks-4.1.72.Final.jar;C:\Users\JayDK\.m2\repository\io\netty\netty-codec-stomp\4.1.72.Final\netty-codec-stomp-4.1.72.Final.jar;C:\Users\JayDK\.m2\repository\io\netty\netty-codec-xml\4.1.72.Final\netty-codec-xml-4.1.72.Final.jar;C:\Users\JayDK\.m2\repository\io\netty\netty-common\4.1.72.Final\netty-common-4.1.72.Final.jar;C:\Users\JayDK\.m2\repository\io\netty\netty-handler\4.1.72.Final\netty-handler-4.1.72.Final.jar;C:\Users\JayDK\.m2\repository\io\netty\netty-tcnative-classes\2.0.46.Final\netty-tcnative-classes-2.0.46.Final.jar;C:\Users\JayDK\.m2\repository\io\netty\netty-handler-proxy\4.1.72.Final\netty-handler-proxy-4.1.72.Final.jar;C:\Users\JayDK\.m2\repository\io\netty\netty-resolver\4.1.72.Final\netty-resolver-4.1.72.Final.jar;C:\Users\JayDK\.m2\repository\io\netty\netty-resolver-dns\4.1.72.Final\netty-resolver-dns-4.1.72.Final.jar;C:\Users\JayDK\.m2\repository\io\netty\netty-transport\4.1.72.Final\netty-transport-4.1.72.Final.jar;C:\Users\JayDK\.m2\repository\io\netty\netty-transport-rxtx\4.1.72.Final\netty-transport-rxtx-4.1.72.Final.jar;C:\Users\JayDK\.m2\repository\io\netty\netty-transport-sctp\4.1.72.Final\netty-transport-sctp-4.1.72.Final.jar;C:\Users\JayDK\.m2\repository\io\netty\netty-transport-udt\4.1.72.Final\netty-transport-udt-4.1.72.Final.jar;C:\Users\JayDK\.m2\repository\io\netty\netty-transport-classes-epoll\4.1.72.Final\netty-transport-classes-epoll-4.1.72.Final.jar;C:\Users\JayDK\.m2\repository\io\netty\netty-transport-native-unix-common\4.1.72.Final\netty-transport-native-unix-common-4.1.72.Final.jar;C:\Users\JayDK\.m2\repository\io\netty\netty-transport-classes-kqueue\4.1.72.Final\netty-transport-classes-kqueue-4.1.72.Final.jar;C:\Users\JayDK\.m2\repository\io\netty\netty-resolver-dns-classes-macos\4.1.72.Final\netty-resolver-dns-classes-macos-4.1.72.Final.jar;C:\Users\JayDK\.m2\repository\io\netty\netty-transport-native-epoll\4.1.72.Final\netty-transport-native-epoll-4.1.72.Final-linux-x86_64.jar;C:\Users\JayDK\.m2\repository\io\netty\netty-transport-native-epoll\4.1.72.Final\netty-transport-native-epoll-4.1.72.Final-linux-aarch_64.jar;C:\Users\JayDK\.m2\repository\io\netty\netty-transport-native-kqueue\4.1.72.Final\netty-transport-native-kqueue-4.1.72.Final-osx-x86_64.jar;C:\Users\JayDK\.m2\repository\io\netty\netty-transport-native-kqueue\4.1.72.Final\netty-transport-native-kqueue-4.1.72.Final-osx-aarch_64.jar;C:\Users\JayDK\.m2\repository\io\netty\netty-resolver-dns-native-macos\4.1.72.Final\netty-resolver-dns-native-macos-4.1.72.Final-osx-x86_64.jar;C:\Users\JayDK\.m2\repository\io\netty\netty-resolver-dns-native-macos\4.1.72.Final\netty-resolver-dns-native-macos-4.1.72.Final-osx-aarch_64.jar;"/>
    <property name="allure.results.directory" value="C:\Users\JayDK\IdeaProjects\Selenide_Cucumber/target/allure-results"/>
    <property name="sun.cpu.endian" value="little"/>
    <property name="user.home" value="C:\Users\JayDK"/>
    <property name="user.language" value="en"/>
    <property name="java.specification.vendor" value="Oracle Corporation"/>
    <property name="java.home" value="C:\Program Files\Java\jdk1.8.0_202\jre"/>
    <property name="basedir" value="C:\Users\JayDK\IdeaProjects\Selenide_Cucumber"/>
    <property name="file.separator" value="\"/>
    <property name="line.separator" value="&#10;"/>
    <property name="java.vm.specification.vendor" value="Oracle Corporation"/>
    <property name="java.specification.name" value="Java Platform API Specification"/>
    <property name="java.awt.graphicsenv" value="sun.awt.Win32GraphicsEnvironment"/>
    <property name="surefire.real.class.path" value="C:\Users\JayDK\AppData\Local\Temp\surefire8309560256395249672\surefirebooter1494210798932274021.jar;C:\Users\JayDK\.m2\repository/org/aspectj/aspectjweaver/1.8.10/aspectjweaver-1.8.10.jar"/>
    <property name="sun.boot.class.path" value="C:\Program Files\Java\jdk1.8.0_202\jre\lib\resources.jar;C:\Program Files\Java\jdk1.8.0_202\jre\lib\rt.jar;C:\Program Files\Java\jdk1.8.0_202\jre\lib\sunrsasign.jar;C:\Program Files\Java\jdk1.8.0_202\jre\lib\jsse.jar;C:\Program Files\Java\jdk1.8.0_202\jre\lib\jce.jar;C:\Program Files\Java\jdk1.8.0_202\jre\lib\charsets.jar;C:\Program Files\Java\jdk1.8.0_202\jre\lib\jfr.jar;C:\Program Files\Java\jdk1.8.0_202\jre\classes"/>
    <property name="user.script" value=""/>
    <property name="sun.management.compiler" value="HotSpot 64-Bit Tiered Compilers"/>
    <property name="java.runtime.version" value="1.8.0_202-b08"/>
    <property name="user.name" value="JayDK"/>
    <property name="path.separator" value=";"/>
    <property name="os.version" value="10.0"/>
    <property name="java.endorsed.dirs" value="C:\Program Files\Java\jdk1.8.0_202\jre\lib\endorsed"/>
    <property name="java.runtime.name" value="Java(TM) SE Runtime Environment"/>
    <property name="file.encoding" value="Cp1252"/>
    <property name="java.vm.name" value="Java HotSpot(TM) 64-Bit Server VM"/>
    <property name="localRepository" value="C:\Users\JayDK\.m2\repository"/>
    <property name="cucumber.options" value="--plugin io.qameta.allure.cucumber5jvm.AllureCucumber5Jvm"/>
    <property name="java.vendor.url.bug" value="http://bugreport.sun.com/bugreport/"/>
    <property name="java.io.tmpdir" value="C:\Users\JayDK\AppData\Local\Temp\"/>
    <property name="idea.version" value="2021.3"/>
    <property name="java.version" value="1.8.0_202"/>
    <property name="user.dir" value="C:\Users\JayDK\IdeaProjects\Selenide_Cucumber"/>
    <property name="os.arch" value="amd64"/>
    <property name="java.vm.specification.name" value="Java Virtual Machine Specification"/>
    <property name="java.awt.printerjob" value="sun.awt.windows.WPrinterJob"/>
    <property name="sun.os.patch.level" value=""/>
    <property name="java.library.path" value="C:\Program Files\Java\jdk1.8.0_202\jre\bin;C:\WINDOWS\Sun\Java\bin;C:\WINDOWS\system32;C:\WINDOWS;C:\Program Files\Microsoft\jdk-11.0.12.7-hotspot\bin;C:\Python39\Scripts\;C:\Python39\;C:\Program Files (x86)\Common Files\Oracle\Java\javapath;C:\WINDOWS\system32;C:\WINDOWS;C:\WINDOWS\System32\Wbem;C:\WINDOWS\System32\WindowsPowerShell\v1.0\;C:\Program Files\Intel\WiFi\bin\;C:\Program Files\Common Files\Intel\WirelessCommon\;C:\Program Files\Java\jdk1.8.0_202\bin;C:\Program Files\Microsoft SQL Server\Client SDK\ODBC\110\Tools\Binn\;C:\Program Files (x86)\Microsoft SQL Server\120\Tools\Binn\;C:\Program Files\Microsoft SQL Server\120\Tools\Binn\;C:\Program Files\Microsoft SQL Server\120\DTS\Binn\;C:\Program Files\dotnet\;C:\Program Files\Microsoft SQL Server\130\Tools\Binn\;C:\WINDOWS\System32\OpenSSH\;C:\strawberry\c\bin;C:\strawberry\perl\bin;C:\PROGRA~2\Groovy\GROOVY~1.0\bin;C:\Program Files\apache-maven-3.6.2\bin;C:\Program Files\nodejs\;C:\ProgramData\chocolatey\bin;C:\Users\JayDK\Drivers;C:\Program Files (x86)\PowerShell\7\;C:\Program Files\allure-2.17.0\bin;C:\Users\JayDK\AppData\Local\Android\Sdk\build-tools;C:\Users\JayDK\AppData\Local\Android\Sdk\platform-tools;C:\Users\JayDK\AppData\Local\Android\Sdk\tools;C:\Users\JayDK\AppData\Local\Android\Sdk\tools\bin;C:\Program Files\nodejs\node_modules\npm\bin;C:\Users\JayDK\AppData\Local\Android\Sdk\emulator;C:\Program Files (x86)\dotnet\;C:\Program Files (x86)\Microsoft SQL Server\150\DTS\Binn\;C:\Program Files\Azure Data Studio\bin;C:\Program Files\Git\cmd;C:\Program Files\MySQL\MySQL Shell 8.0\bin\;C:\Users\JayDK\AppData\Local\Microsoft\WindowsApps;C:\Users\JayDK\AppData\Roaming\npm;C:\Program Files\JetBrains\IntelliJ IDEA Community Edition 2021.2.3\bin;C:\Program Files\Java\jdk1.8.0_202\\bin;C:\Users\JayDK\AppData\Local\Programs\Microsoft VS Code\bin;C:\Users\JayDK\.dotnet\tools;C:\Users\JayDK\AppData\Local\Android\Sdk\emulator;C:\Program Files (x86)\BrowserStackLocal\;C:\Program Files\Azure Data Studio\bin;."/>
    <property name="java.vm.info" value="mixed mode"/>
    <property name="java.vendor" value="Oracle Corporation"/>
    <property name="java.vm.version" value="25.202-b08"/>
    <property name="java.ext.dirs" value="C:\Program Files\Java\jdk1.8.0_202\jre\lib\ext;C:\WINDOWS\Sun\Java\lib\ext"/>
    <property name="sun.io.unicode.encoding" value="UnicodeLittle"/>
    <property name="java.class.version" value="52.0"/>
  </properties>
  <testcase name="addDeleteElement" classname="TestMain" time="5.234"/>
  <testcase name="basicAuth" classname="TestMain" time="2.76"/>
  <testcase name="checkBoxes" classname="TestMain" time="3.043"/>
  <testcase name="entryAdPopUp" classname="TestMain" time="2.925"/>
  <testcase name="exitIntent" classname="TestMain" time="6.915"/>
  <testcase name="dynamicControls" classname="TestMain" time="9.118"/>
  <testcase name="dragAndDrop" classname="TestMain" time="2.795"/>
  <testcase name="selectDropDown" classname="TestMain" time="3.063"/>
  <testcase name="contextMenuAlerts" classname="TestMain" time="2.792"/>
</testsuite>